   __  __            _________      _       __   ______                                   ____   ______                            __  _                ____        __       __
  / / / /___  ____  / __/ __(_)____(_)___ _/ /  / ____/___  _____________  _____   ____  / __/  / ____/___  ____________  ______  / /_(_)___  ____     / __ \____ _/ /______/ /_
 / / / / __ \/ __ \/ /_/ /_/ / ___/ / __ `/ /  / /_  / __ \/ ___/ ___/ _ \/ ___/  / __ \/ /_   / /   / __ \/ ___/ ___/ / / / __ \/ __/ / __ \/ __ \   / /_/ / __ `/ __/ ___/ __ \
/ /_/ / / / / /_/ / __/ __/ / /__/ / /_/ / /  / __/ / /_/ / /  / /__/  __(__  )  / /_/ / __/  / /___/ /_/ / /  / /  / /_/ / /_/ / /_/ / /_/ / / / /  / ____/ /_/ / /_/ /__/ / / /
\____/_/ /_/\____/_/ /_/ /_/\___/_/\__,_/_/  /_/    \____/_/   \___/\___/____/   \____/_/     \____/\____/_/  /_/   \__,_/ .___/\__/_/\____/_/ /_/  /_/    \__,_/\__/\___/_/ /_/
                                                                                                                        /_/
   ________                           __                        ______          __
  / ____/ /_  ____ _____  ____ ____  / /___  ____ _            /_  __/__  _  __/ /_
 / /   / __ \/ __ `/ __ \/ __ `/ _ \/ / __ \/ __ `/  ______     / / / _ \| |/_/ __/
/ /___/ / / / /_/ / / / / /_/ /  __/ / /_/ / /_/ /  /_____/    / / /  __/>  </ /_
\____/_/ /_/\__,_/_/ /_/\__, /\___/_/\____/\__, /             /_/  \___/_/|_|\__/
                       /____/             /____/

~ By the UFoCP Team. ~


~~~~~~~~~~~~~~~~~~~~~~~~~~~~~~~~~~~~~~~~~~~~~~~~~~~~~~~~~~~~~~~~~~~~~~~~~~~~~~~~~~~~~~~~


Unofficial fixes are noted below with a bullet (•).  Bugfixes by Petroglyph will be noted
in the subsequent hotfix's changelog; changes made by the Unofficial Patch will be removed
in tandem and mentioned in the next update.

When fixed, bugs introduced by the Unofficial Patch are included in the next hotfix under
the "UFoCP" header and retroactively edited in the changelog.

Dates, grammar, and times are always in American format.
(i.e. "10-24-2006" = October 24th, 2006, "color" > "colour," "1:52 PM" > "13:52.")

All entries have tags that are accurate to their GitHub report page's URL. Insert the report
number into the below URL to see the original report.
(i.e. "(BUG #123456)" = https://github.com/AlyMar1994/UFoCP/issues/123456)

https://github.com/AlyMar1994/UFoCP/issues/


~~~~~~~~~~~~~~~~~~~~~~~~~~~~~~~~~~~~~~~~~~~~~~~~~~~~~~~~~~~~~~~~~~~~~~~~~~~~~~~~~~~~~~~~



v2.0.0.#### (##-##-2024) [FoC v1.121.]
============================================

International:
• Fix the Sundered Heart not having a proper German translation (BUG #200).
• Fix Slave I not having a proper German translation (BUG #195).
• Fix the Executor not having a proper German translation (BUG #194).
• Fix the Hound's Tooth not having a proper German translation (BUG #191).


Corrections:
• TEXT_PLANET_CAPITAL_SHIP_PRODUCER: (BUG #145)
	-- ENG: This planet can produce capital ships (Mon Calamari Cruisers or Imperial Star Destroyers). -> This planet can produce capital ships (Mon Calamari Cruisers, Imperial Star Destroyers, Aggressor-class Destroyers or Keldabe-class Battleships).
	-- GER: Dieser Planet kann Großkampfschiffe herstellen (Mon-Calamari-Kreuzer oder imperiale Sternenzerstörer). -> Dieser Planet kann Großkampfschiffe herstellen (Mon-Calamari-Kreuzer, imperiale Sternenzerstörer, Zerstörer der Aggressor-Klasse oder Kampfschiff der Kedalbe-Klasse).
• TEXT_TOOLTIP_REQUIRED_PLANETS_CAPITAL_SHIPS: (BUG #142)
	-- ENG: This ship can only be built on Kuat, Sullust, Fondor, Hypori or Mon Calamari. -> This ship can only be built on Fondor, Hypori, Kuat, Mandalore, Mon Calamari or Sullust.
	-- GER: Dieses Schiff kann nur auf Kuat, Sullust, Fondor, Hypori oder Mon Calamari gebaut werden. -> Dieses Schiff kann nur auf Fondor, Hypori, Kuat, Mandalore, Mon Calamari oder Sullust gebaut werden.
• TEXT_UPGRADE_TOOLTIP_UL_WEAPON_BOOST_L2: (BUG #75)
	-- ENG: Increases the damage done by the MZ-8 Pulse Tank by 50%. -> Increases the damage done by the MZ-8 Pulse Tank and Canderous Assault Tank by 50%.
	-- GER: Erhöht den vom Impulsgeschützpanzer MZ-8 angerichteten Schaden um 50 %. -> Erhöht den vom Impulsgeschützpanzer MZ-8 und der Sturmpanzer Canderous angerichteten Schaden um 50 %.


Inconsistency Fixes:
• TEXT_HERO_BOBA_FETT_TEAM: (BUG #195)
	-- ENG: Boba Fett -> Slave I - Boba Fett
	-- GER: Boba Fett -> Sklave I - Boba Fett
• TEXT_HERO_GARM_BEL_IBLIS/TEXT_HERO_GARM_BEL_IBLIS_TEAM: (BUG #184)
	-- ENG: Garm Bel Iblis -> The Gargantuan - Garm Bel Iblis
	-- GER: Garm Bel Iblis -> Die Gargantuan - Garm Bel Iblis
• TEXT_HERO_GENERAL_VEERS_02: (BUG #48)
	-- ENG: General Maximilian Veers -> Blizzard 1 - General Maximilian Veers
	-- GER: General Maximilian Veers -> Schneesturm 1 - General Maximilian Veers
• TEXT_HERO_LUKE_SKYWALKER_JEDI_TEAM: (BUG #201)
	-- ENG: Luke Skywalker -> Red Five - Luke Skywalker
	-- GER: Luke Skywalker -> Rot Fünf - Luke Skywalker
• TEXT_HERO_PEACEBRINGER: (BUG #193)
	-- ENG: The Merciless -> The Merciless - Tyber Zann
	-- GER: Die Merciless -> Die Merciless - Tyber Zann
•  TEXT_HERO_VADER_TEAM_EXECUTOR: (BUG #194)
	-- ENG: Darth Vader -> The Executor - Darth Vader
	-- GER: Darth Vader -> Die Exekutor - Darth Vader
• TEXT_UNIT_ARC_HAMMER: (BUG #197)
	-- ENG: Arc Hammer -> The Arc Hammer - General Rom Mohc
	-- GER: Arc Hammer -> Die Arc Hammer - General Rom Mohc
• TEXT_UNIT_HOME_ONE: (BUG #198)
	-- ENG: Home One -> Home One - Admiral Ackbar
	-- GER: Home Eins -> Home Eins - Admiral Ackbar
• TEXT_UNIT_HOUNDSTOOTH: (BUG #191)
	-- ENG: Hound's Tooth -> The Hound's Tooth - Bossk
	-- GER: Hound's Tooth -> Die Reißzahn - Bossk
• TEXT_UNIT_IG2000: (BUG #192)
	-- ENG: IG-2000 -> IG-2000 - IG-88
	-- GER: IG-2000 -> IG-2000 - IG-88
• TEXT_UNIT_LUKE_XWING: (BUG #201)
	-- ENG: Luke Skywalker (Red 5) -> Red Five - Luke Skywalker
	-- GER: Luke Skywalker (Rot Fünf) -> Rot Fünf - Luke Skywalker
• TEXT_UNIT_MILLENNIUM_FALCON: (BUG #199)
	-- ENG: Millennium Falcon -> The Millennium Falcon - Han Solo & Chewbacca
	-- GER: Rasender Falke -> Der Rasender Falke - Han Solo & Chewbacca
• TEXT_UNIT_SLAVE_I: (BUG #195)
	-- ENG: Slave I -> Slave I - Boba Fett
	-- GER: Slave I -> Sklave I - Boba Fett
• TEXT_UNIT_SD_ADMONITOR: (BUG #196)
	-- ENG: Admonitor -> The Admonitor - Grand Admiral Thrawn
	-- GER: Admonitor -> Die Admonitor - Großadmiral Thrawn
• TEXT_UNIT_SSD_EXECUTOR: (BUG #194)
	-- ENG: Executor -> The Executor - Darth Vader
	-- GER: Executor -> Die Exekutor - Darth Vader
• TEXT_UNIT_SUNDERED_HEART: (BUG #200)
	-- ENG: Sundered Heart -> The Sundered Heart - Captain Raymus Antilles
	-- GER: Sundered Heart -> Die Geteiltes Herz - Kapitän Raymus Antilles


Typo Fixes:
• TEXT_UPGRADE_TOOLTIP_US_MAGNETIC_ARMOR_L2: (BUG #76)
	-- ENG: ...armor deflects 25% of incoming laser fire. -> ...armor deflects 30% of incoming laser fire.
	-- GER: ...lenkt zusätzlich 25 % des gegnerischen Laserbeschusses ab. -> ...lenkt zusätzlich 30 % des gegnerischen Laserbeschusses ab.
• TEXT_UPGRADE_TOOLTIP_US_MAGNETIC_ARMOR_L3: (BUG #76)
	-- ENG: ...armor deflects 25% of incoming laser fire. -> ... armor deflects 30% of incoming laser fire.
	-- GER: ...lenkt zusätzlich 25 % des gegnerischen Laserbeschusses ab. -> ...lenkt zusätzlich 30 % des gegnerischen Laserbeschusses ab.
